[19:34:19] [main/INFO]: Environment: authHost='https://authserver.mojang.com', accountsHost='https://api.mojang.com', sessionHost='https://sessionserver.mojang.com', servicesHost='https://api.minecraftservices.com', name='PROD'
[19:34:19] [main/WARN]: Ambiguity between arguments [teleport, location] and [teleport, destination] with inputs: [0.1 -0.5 .9, 0 0 0]
[19:34:19] [main/WARN]: Ambiguity between arguments [teleport, location] and [teleport, targets] with inputs: [0.1 -0.5 .9, 0 0 0]
[19:34:19] [main/WARN]: Ambiguity between arguments [teleport, destination] and [teleport, targets] with inputs: [Player, 0123, @e, dd12be42-52a9-4a91-a8a1-11c01849e498]
[19:34:19] [main/WARN]: Ambiguity between arguments [teleport, targets] and [teleport, destination] with inputs: [Player, 0123, dd12be42-52a9-4a91-a8a1-11c01849e498]
[19:34:19] [main/WARN]: Ambiguity between arguments [teleport, targets, location] and [teleport, targets, destination] with inputs: [0.1 -0.5 .9, 0 0 0]
[19:34:19] [main/INFO]: Reloading ResourceManager: Default
[19:34:20] [Worker-Main-12/INFO]: Loaded 7 recipes
[19:34:20] [Worker-Main-12/INFO]: Loaded 1137 advancements
[19:34:21] [Server thread/INFO]: Starting minecraft server version 1.17.1
[19:34:21] [Server thread/INFO]: Loading properties
[19:34:21] [Server thread/INFO]: Default game type: SURVIVAL
[19:34:21] [Server thread/INFO]: Generating keypair
[19:34:22] [Server thread/INFO]: Starting Minecraft server on *:25565
[19:34:22] [Server thread/INFO]: Using epoll channel type
[19:34:22] [Server thread/INFO]: Preparing level "world"
[19:34:22] [Server thread/INFO]: Preparing start region for dimension minecraft:overworld
[19:34:22] [Worker-Main-10/INFO]: Preparing spawn area: 0%
[19:34:22] [Worker-Main-10/INFO]: Preparing spawn area: 0%
[19:34:23] [Worker-Main-11/INFO]: Preparing spawn area: 0%
[19:34:25] [Worker-Main-11/INFO]: Preparing spawn area: 0%
[19:34:25] [Worker-Main-13/INFO]: Preparing spawn area: 0%
[19:34:25] [Worker-Main-11/INFO]: Preparing spawn area: 0%
[19:34:25] [Worker-Main-13/INFO]: Preparing spawn area: 0%
[19:34:25] [Worker-Main-14/INFO]: Preparing spawn area: 0%
[19:34:26] [Worker-Main-9/INFO]: Preparing spawn area: 20%
[19:34:26] [Worker-Main-9/INFO]: Preparing spawn area: 54%
[19:34:27] [Worker-Main-14/INFO]: Preparing spawn area: 70%
[19:34:27] [Worker-Main-11/INFO]: Preparing spawn area: 83%
[19:34:28] [Worker-Main-14/INFO]: Preparing spawn area: 85%
[19:34:28] [Worker-Main-9/INFO]: Preparing spawn area: 99%
[19:34:28] [Server thread/INFO]: Time elapsed: 6554 ms
[19:34:28] [Server thread/INFO]: Done (6.620s)! For help, type "help"
[19:34:44] [User Authenticator #1/INFO]: UUID of player peacemaker1940 is 34b4fdb6-066b-49ef-843f-6e3f6a311db2
[19:34:44] [Server thread/INFO]: peacemaker1940[/127.0.0.1:41658] logged in with entity id 203 at (43.71256660945086, 62.0, -223.52613714251555)
[19:34:44] [Server thread/INFO]: peacemaker1940 joined the game
[19:34:50] [Server thread/INFO]: Unknown or incomplete command, see below for error
[19:34:50] [Server thread/INFO]: /hallo<--[HERE]
[19:34:53] [Server thread/INFO]: /advancement (grant|revoke)
[19:34:53] [Server thread/INFO]: /attribute <target> <attribute> (get|base|modifier)
[19:34:53] [Server thread/INFO]: /execute (run|if|unless|as|at|store|positioned|rotated|facing|align|anchored|in)
[19:34:53] [Server thread/INFO]: /bossbar (add|remove|list|set|get)
[19:34:53] [Server thread/INFO]: /clear [<targets>]
[19:34:53] [Server thread/INFO]: /clone <begin> <end> <destination> [replace|masked|filtered]
[19:34:53] [Server thread/INFO]: /data (merge|get|remove|modify)
[19:34:53] [Server thread/INFO]: /datapack (enable|disable|list)
[19:34:53] [Server thread/INFO]: /debug (start|stop|function)
[19:34:53] [Server thread/INFO]: /defaultgamemode (survival|creative|adventure|spectator)
[19:34:53] [Server thread/INFO]: /difficulty [peaceful|easy|normal|hard]
[19:34:53] [Server thread/INFO]: /effect (clear|give)
[19:34:53] [Server thread/INFO]: /me <action>
[19:34:53] [Server thread/INFO]: /enchant <targets> <enchantment> [<level>]
[19:34:53] [Server thread/INFO]: /experience (add|set|query)
[19:34:53] [Server thread/INFO]: /xp -> experience
[19:34:53] [Server thread/INFO]: /fill <from> <to> <block> [replace|keep|outline|hollow|destroy]
[19:34:53] [Server thread/INFO]: /forceload (add|remove|query)
[19:34:53] [Server thread/INFO]: /function <name>
[19:34:53] [Server thread/INFO]: /gamemode (survival|creative|adventure|spectator)
[19:34:53] [Server thread/INFO]: /gamerule (announceAdvancements|commandBlockOutput|disableElytraMovementCheck|disableRaids|doDaylightCycle|doEntityDrops|doFireTick|doImmediateRespawn|doInsomnia|doLimitedCrafting|doMobLoot|doMobSpawning|doPatrolSpawning|doTileDrops|doTraderSpawning|doWeatherCycle|drowningDamage|fallDamage|fireDamage|forgiveDeadPlayers|freezeDamage|keepInventory|logAdminCommands|maxCommandChainLength|maxEntityCramming|mobGriefing|naturalRegeneration|playersSleepingPercentage|randomTickSpeed|reducedDebugInfo|sendCommandFeedback|showDeathMessages|spawnRadius|spectatorsGenerateChunks|universalAnger)
[19:34:53] [Server thread/INFO]: /give <targets> <item> [<count>]
[19:34:53] [Server thread/INFO]: /help [<command>]
[19:34:53] [Server thread/INFO]: /item (replace|modify)
[19:34:53] [Server thread/INFO]: /kick <targets> [<reason>]
[19:34:53] [Server thread/INFO]: /kill [<targets>]
[19:34:53] [Server thread/INFO]: /list [uuids]
[19:34:53] [Server thread/INFO]: /locate (pillager_outpost|mineshaft|mansion|jungle_pyramid|desert_pyramid|igloo|ruined_portal|shipwreck|swamp_hut|stronghold|monument|ocean_ruin|fortress|endcity|buried_treasure|village|nether_fossil|bastion_remnant)
[19:34:53] [Server thread/INFO]: /locatebiome <biome>
[19:34:53] [Server thread/INFO]: /loot (replace|insert|give|spawn)
[19:34:53] [Server thread/INFO]: /msg <targets> <message>
[19:34:53] [Server thread/INFO]: /tell -> msg
[19:34:53] [Server thread/INFO]: /w -> msg
[19:34:53] [Server thread/INFO]: /particle <name> [<pos>]
[19:34:53] [Server thread/INFO]: /playsound <sound> (master|music|record|weather|block|hostile|neutral|player|ambient|voice)
[19:34:53] [Server thread/INFO]: /reload
[19:34:53] [Server thread/INFO]: /recipe (give|take)
[19:34:53] [Server thread/INFO]: /say <message>
[19:34:53] [Server thread/INFO]: /schedule (function|clear)
[19:34:53] [Server thread/INFO]: /scoreboard (objectives|players)
[19:34:53] [Server thread/INFO]: /seed
[19:34:53] [Server thread/INFO]: /setblock <pos> <block> [destroy|keep|replace]
[19:34:53] [Server thread/INFO]: /spawnpoint [<targets>]
[19:34:53] [Server thread/INFO]: /setworldspawn [<pos>]
[19:34:53] [Server thread/INFO]: /spectate [<target>]
[19:34:53] [Server thread/INFO]: /spreadplayers <center> <spreadDistance> <maxRange> (<respectTeams>|under)
[19:34:53] [Server thread/INFO]: /stopsound <targets> [*|master|music|record|weather|block|hostile|neutral|player|ambient|voice]
[19:34:53] [Server thread/INFO]: /summon <entity> [<pos>]
[19:34:53] [Server thread/INFO]: /tag <targets> (add|remove|list)
[19:34:53] [Server thread/INFO]: /team (list|add|remove|empty|join|leave|modify)
[19:34:53] [Server thread/INFO]: /teammsg <message>
[19:34:53] [Server thread/INFO]: /tm -> teammsg
[19:34:53] [Server thread/INFO]: /teleport (<location>|<destination>|<targets>)
[19:34:53] [Server thread/INFO]: /tp -> teleport
[19:34:53] [Server thread/INFO]: /tellraw <targets> <message>
[19:34:53] [Server thread/INFO]: /time (set|add|query)
[19:34:53] [Server thread/INFO]: /title <targets> (clear|reset|title|subtitle|actionbar|times)
[19:34:53] [Server thread/INFO]: /trigger <objective> [add|set]
[19:34:53] [Server thread/INFO]: /weather (clear|rain|thunder)
[19:34:53] [Server thread/INFO]: /worldborder (add|set|center|damage|get|warning)
[19:34:53] [Server thread/INFO]: /ban-ip <target> [<reason>]
[19:34:53] [Server thread/INFO]: /banlist [ips|players]
[19:34:53] [Server thread/INFO]: /ban <targets> [<reason>]
[19:34:53] [Server thread/INFO]: /deop <targets>
[19:34:53] [Server thread/INFO]: /op <targets>
[19:34:53] [Server thread/INFO]: /pardon <targets>
[19:34:53] [Server thread/INFO]: /pardon-ip <target>
[19:34:53] [Server thread/INFO]: /perf (start|stop)
[19:34:53] [Server thread/INFO]: /save-all [flush]
[19:34:53] [Server thread/INFO]: /save-off
[19:34:53] [Server thread/INFO]: /save-on
[19:34:53] [Server thread/INFO]: /setidletimeout <minutes>
[19:34:53] [Server thread/INFO]: /stop
[19:34:53] [Server thread/INFO]: /whitelist (on|off|list|add|remove|reload)
[19:35:21] [Server thread/INFO]: <peacemaker1940> hallo
[19:35:56] [Server thread/INFO]: [Server] hallo
[19:47:00] [Server thread/INFO]: peacemaker1940 was shot by Skeleton
[19:51:57] [Server thread/WARN]: peacemaker1940 moved too quickly! -125.92632521132211,1.0,7.668481690154579
